2019-09-24T09:53:47+00:00 DEBUG 
====Stripe Version: 4.2.3====
====Start Log====
Keys are not set correctly.
====End Log====


2019-09-24T09:53:53+00:00 DEBUG 
====Stripe Version: 4.2.3====
====Start Log====
Keys are not set correctly.
====End Log====


2019-09-24T09:53:55+00:00 DEBUG 
====Stripe Version: 4.2.3====
====Start Log====
Keys are not set correctly.
====End Log====


2019-09-24T09:54:02+00:00 DEBUG 
====Stripe Version: 4.2.3====
====Start Log====
Keys are not set correctly.
====End Log====


2019-09-24T09:54:05+00:00 DEBUG 
====Stripe Version: 4.2.3====
====Start Log====
Keys are not set correctly.
====End Log====


2019-09-24T09:54:26+00:00 DEBUG 
====Stripe Version: 4.2.3====
====Start Log====
Keys are not set correctly.
====End Log====


2019-09-24T10:44:01+00:00 DEBUG 
====Stripe Version: 4.2.3====
====Start Log====
Keys are not set correctly.
====End Log====


2019-09-24T10:47:24+00:00 DEBUG 
====Stripe Version: 4.2.3====
====Start Log====
Keys are not set correctly.
====End Log====


2019-09-24T10:47:54+00:00 DEBUG 
====Stripe Version: 4.2.3====
====Start Log====
Keys are not set correctly.
====End Log====


2019-09-24T10:57:16+00:00 DEBUG 
====Stripe Version: 4.2.3====
====Start Log====
Keys are not set correctly.
====End Log====


2019-09-24T10:59:34+00:00 DEBUG 
====Stripe Version: 4.2.3====
====Start Log====
Keys are not set correctly.
====End Log====


2019-09-24T11:02:04+00:00 DEBUG 
====Stripe Version: 4.2.3====
====Start Log====
Keys are not set correctly.
====End Log====


2019-09-24T11:16:52+00:00 DEBUG 
====Stripe Version: 4.2.3====
====Start Log====
Keys are not set correctly.
====End Log====


2019-09-24T11:32:21+00:00 DEBUG 
====Stripe Version: 4.2.3====
====Start Log====
Keys are not set correctly.
====End Log====


2019-09-24T11:37:30+00:00 DEBUG 
====Stripe Version: 4.2.3====
====Start Log====
Keys are not set correctly.
====End Log====


2019-09-24T11:39:12+00:00 DEBUG 
====Stripe Version: 4.2.3====
====Start Log====
Keys are not set correctly.
====End Log====


2019-09-24T11:44:09+00:00 DEBUG 
====Stripe Version: 4.2.3====
====Start Log====
Keys are not set correctly.
====End Log====


2019-09-24T11:45:52+00:00 DEBUG 
====Stripe Version: 4.2.3====
====Start Log====
Keys are not set correctly.
====End Log====


2019-09-24T11:46:53+00:00 DEBUG 
====Stripe Version: 4.2.3====
====Start Log====
Keys are not set correctly.
====End Log====


2019-09-24T11:49:06+00:00 DEBUG 
====Stripe Version: 4.2.3====
====Start Log====
Keys are not set correctly.
====End Log====


2019-09-24T12:06:19+00:00 DEBUG 
====Stripe Version: 4.2.3====
====Start Log====
Keys are not set correctly.
====End Log====


2019-09-24T12:08:33+00:00 DEBUG 
====Stripe Version: 4.2.3====
====Start Log====
Keys are not set correctly.
====End Log====


2019-09-24T12:09:12+00:00 DEBUG 
====Stripe Version: 4.2.3====
====Start Log====
Keys are not set correctly.
====End Log====


2019-09-24T12:10:31+00:00 DEBUG 
====Stripe Version: 4.2.3====
====Start Log====
Keys are not set correctly.
====End Log====


2019-09-24T12:11:27+00:00 DEBUG 
====Stripe Version: 4.2.3====
====Start Log====
Keys are not set correctly.
====End Log====


2019-09-24T12:12:19+00:00 DEBUG 
====Stripe Version: 4.2.3====
====Start Log====
Keys are not set correctly.
====End Log====


2019-09-24T12:12:44+00:00 DEBUG 
====Stripe Version: 4.2.3====
====Start Log====
Keys are not set correctly.
====End Log====


2019-09-24T12:13:09+00:00 DEBUG 
====Stripe Version: 4.2.3====
====Start Log====
Keys are not set correctly.
====End Log====


2019-09-24T12:37:19+00:00 DEBUG 
====Stripe Version: 4.2.3====
====Start Log====
Keys are not set correctly.
====End Log====


2019-09-24T12:38:34+00:00 DEBUG 
====Stripe Version: 4.2.3====
====Start Log====
Keys are not set correctly.
====End Log====


2019-09-24T12:41:08+00:00 DEBUG 
====Stripe Version: 4.2.3====
====Start Log====
Keys are not set correctly.
====End Log====


2019-09-24T12:43:42+00:00 DEBUG 
====Stripe Version: 4.2.3====
====Start Log====
Keys are not set correctly.
====End Log====


