2019-09-11T11:33:04+00:00 DEBUG 
====Stripe Version: 4.2.3====
====Start Log====
Keys are not set correctly.
====End Log====


2019-09-11T11:33:25+00:00 DEBUG 
====Stripe Version: 4.2.3====
====Start Log====
Keys are not set correctly.
====End Log====


2019-09-11T11:35:23+00:00 DEBUG 
====Stripe Version: 4.2.3====
====Start Log====
Keys are not set correctly.
====End Log====


2019-09-11T11:37:52+00:00 DEBUG 
====Stripe Version: 4.2.3====
====Start Log====
Keys are not set correctly.
====End Log====


2019-09-11T16:00:57+00:00 DEBUG 
====Stripe Version: 4.2.3====
====Start Log====
Keys are not set correctly.
====End Log====


